2026-05-24 22:58:10 | DEBUG | P02 | No variables found in .env
2026-05-24 22:58:10 | INFO | P02 | === RUN START ===
2026-05-24 22:58:10 | INFO | P02 | project=P02
2026-05-24 22:58:10 | INFO | P02 | repo_dir=streaming-02-kafka
2026-05-24 22:58:10 | INFO | P02 | python=3.14.3
2026-05-24 22:58:10 | INFO | P02 | os=Windows 11
2026-05-24 22:58:10 | INFO | P02 | shell=powershell
2026-05-24 22:58:10 | INFO | P02 | cwd=.
2026-05-24 22:58:10 | INFO | P02 | github_actions=False
2026-05-24 22:58:10 | INFO | P02 | ========================
2026-05-24 22:58:10 | INFO | P02 | START producer main()
2026-05-24 22:58:10 | INFO | P02 | ========================
2026-05-24 22:58:10 | INFO | P02 | ROOT_DIR = .
2026-05-24 22:58:10 | INFO | P02 | DATA_DIR = data
2026-05-24 22:58:10 | INFO | P02 | SALES_CSV = data\sales.csv
2026-05-24 22:58:10 | INFO | P02 | ========================
2026-05-24 22:58:10 | INFO | P02 | SECTION A. Acquire
2026-05-24 22:58:10 | INFO | P02 | ========================
2026-05-24 22:58:10 | INFO | P02 | Loading settings from .env...
2026-05-24 22:58:10 | INFO | P02 | KAFKA_BOOTSTRAP_SERVERS           = localhost:9092
2026-05-24 22:58:10 | INFO | P02 | KAFKA_TOPIC                       = product-sales-case
2026-05-24 22:58:10 | INFO | P02 | PRODUCER_MESSAGE_COUNT            = 6
2026-05-24 22:58:10 | INFO | P02 | PRODUCER_MESSAGE_INTERVAL_SECONDS = 2.0
2026-05-24 22:58:10 | INFO | P02 | KAFKA_CLEAR_TOPIC_ON_START        = False
2026-05-24 22:58:10 | INFO | P02 | Verifying Kafka connection...
2026-05-24 22:58:10 | INFO | P02 | Kafka port is reachable.
2026-05-24 22:58:14 | INFO | P02 | ========================
2026-05-24 22:58:14 | INFO | P02 | SECTION P. Produce Messages
2026-05-24 22:58:14 | INFO | P02 | ========================
2026-05-24 22:58:14 | INFO | P02 | Sending messages...
2026-05-24 22:58:14 | INFO | P02 | Sending up to 6 message(s) to topic 'product-sales-case'.
2026-05-24 22:58:14 | INFO | P02 | Watch each sale arrive. Press CTRL+C to stop early.

2026-05-24 22:58:14 | INFO | P02 | {
  order_id: e7324981-a9f0-419f-b708-d0a333451fff
  datetime: 2026-05-04T08:11:00Z
  region_id: US-TX
  currency_code: USD
  product_id: PY-STREAM-005
  unit_price: 59.99
  quantity: 3
  is_online: true
  customer_id: CUST-4150
  is_new_customer: false
  device_type: tablet
  payment_method: paypal
  referral_source: paid_search
  discount_code: 
  customer_note: Gift for my team
}
2026-05-24 22:58:14 | INFO | P02 |   Sending message with key=US-TX
2026-05-24 22:58:19 | ERROR | P02 | !!!!!!!!!!!!!!!!!!!!!!!!!!!!!!!!!
The message was generated, but Kafka did not accept it.
Kafka did not confirm message delivery.
Details:
    KafkaError{code=_MSG_TIMED_OUT,val=-192,str="Local: Message timed out"}

CHECK:
1. Confirm Kafka is running.
2. Confirm the topic exists.
3. Confirm the broker is reachable at localhost:9092.
4. Try MANAGE_TOPIC.md to verify Kafka independently of Python.
!!!!!!!!!!!!!!!!!!!!!!!!!!!!!!!!!
2026-05-24 22:58:19 | ERROR | P02 | Producer stopped before completing all messages.
2026-05-24 22:58:23 | DEBUG | C02 | No variables found in .env
2026-05-24 22:58:23 | DEBUG | P02 | No variables found in .env
2026-05-24 22:58:23 | INFO | C02 | Processing raw message.
